###############################################################################
#
# IAR ANSI C/C++ Compiler V7.30.1.7746/W32 for ARM        26/Oct/2014  17:12:37
# Copyright 1999-2014 IAR Systems AB.
#
#    Cpu mode     =  thumb
#    Endian       =  little
#    Source file  =  H:\Freescale Code\FSLCar v1\project\MyCar\app\complement.c
#    Command line =  
#        "H:\Freescale Code\FSLCar v1\project\MyCar\app\complement.c" -D
#        LPLD_K60 -lCN "H:\Freescale Code\FSLCar
#        v1\project\MyCar\iar\FLASH\List\" -lB "H:\Freescale Code\FSLCar
#        v1\project\MyCar\iar\FLASH\List\" -o "H:\Freescale Code\FSLCar
#        v1\project\MyCar\iar\FLASH\Obj\" --no_cse --no_unroll --no_inline
#        --no_code_motion --no_tbaa --no_clustering --no_scheduling --debug
#        --endian=little --cpu=Cortex-M4 -e --fpu=None --dlib_config
#        "H:\Embedded Workbench 7.0\arm\INC\c\DLib_Config_Normal.h" -I
#        "H:\Freescale Code\FSLCar v1\project\MyCar\iar\..\app\" -I
#        "H:\Freescale Code\FSLCar v1\project\MyCar\iar\..\..\..\lib\CPU\" -I
#        "H:\Freescale Code\FSLCar v1\project\MyCar\iar\..\..\..\lib\common\"
#        -I "H:\Freescale Code\FSLCar v1\project\MyCar\iar\..\..\..\lib\LPLD\"
#        -I "H:\Freescale Code\FSLCar
#        v1\project\MyCar\iar\..\..\..\lib\LPLD\HW\" -I "H:\Freescale
#        Code\FSLCar v1\project\MyCar\iar\..\..\..\lib\LPLD\DEV\" -I
#        "H:\Freescale Code\FSLCar
#        v1\project\MyCar\iar\..\..\..\lib\uCOS-II\Ports\" -I "H:\Freescale
#        Code\FSLCar v1\project\MyCar\iar\..\..\..\lib\uCOS-II\Source\" -I
#        "H:\Freescale Code\FSLCar v1\project\MyCar\iar\..\..\..\lib\FatFs\" -I
#        "H:\Freescale Code\FSLCar
#        v1\project\MyCar\iar\..\..\..\lib\FatFs\option\" -I "H:\Freescale
#        Code\FSLCar v1\project\MyCar\iar\..\..\..\lib\USB\common\" -I
#        "H:\Freescale Code\FSLCar
#        v1\project\MyCar\iar\..\..\..\lib\USB\driver\" -I "H:\Freescale
#        Code\FSLCar v1\project\MyCar\iar\..\..\..\lib\USB\descriptor\" -I
#        "H:\Freescale Code\FSLCar
#        v1\project\MyCar\iar\..\..\..\lib\USB\class\" -Ol -I "H:\Embedded
#        Workbench 7.0\arm\CMSIS\Include\" -D ARM_MATH_CM4
#    List file    =  
#        H:\Freescale Code\FSLCar
#        v1\project\MyCar\iar\FLASH\List\complement.lst
#    Object file  =  
#        H:\Freescale Code\FSLCar v1\project\MyCar\iar\FLASH\Obj\complement.o
#
###############################################################################

H:\Freescale Code\FSLCar v1\project\MyCar\app\complement.c
      1          #include "complement.h"
      2          
      3          
      4          //-------------------------------------------------------
      5          //互补滤波
      6          //-------------------------------------------------------

   \                                 In section .bss, align 4
      7          static float angle_com,angle_dot_com; 		//外部需要引用的变量
   \                     angle_com:
   \   00000000                      DS8 4

   \                                 In section .bss, align 4
   \                     angle_dot_com:
   \   00000000                      DS8 4
      8          extern float CarAngle, CarAngSpeed;
      9          //-------------------------------------------------------

   \                                 In section .bss, align 4
     10           static float bias_cf;
   \                     bias_cf:
   \   00000000                      DS8 4

   \                                 In section .rodata, align 4
     11          static const float dt=0.05;
   \                     dt:
   \   00000000   0x3D4CCCCD         DC32 3D4CCCCDH
     12          //-------------------------------------------------------

   \                                 In section .text, align 4, keep-with-next
     13          void complement_filter(float angle_m_cf,float gyro_m_cf)
     14          {
   \                     complement_filter: (+1)
   \   00000000   0xB5F8             PUSH     {R3-R7,LR}
   \   00000002   0x0006             MOVS     R6,R0
   \   00000004   0x000F             MOVS     R7,R1
     15          	bias_cf*=0.998;			//陀螺仪零飘低通滤波；500次均值；0.998
   \   00000006   0x4829             LDR.N    R0,??complement_filter_0
   \   00000008   0x6800             LDR      R0,[R0, #+0]
   \   0000000A   0x.... 0x....      BL       __aeabi_f2d
   \   0000000E   0x4A28             LDR.N    R2,??complement_filter_0+0x4  ;; 0xb22d0e56
   \   00000010   0x4B28             LDR.N    R3,??complement_filter_0+0x8  ;; 0x3fefef9d
   \   00000012   0x.... 0x....      BL       __aeabi_dmul
   \   00000016   0x.... 0x....      BL       __aeabi_d2f
   \   0000001A   0x4924             LDR.N    R1,??complement_filter_0
   \   0000001C   0x6008             STR      R0,[R1, #+0]
     16          	bias_cf+=gyro_m_cf*0.009;		   //0.002
   \   0000001E   0x4823             LDR.N    R0,??complement_filter_0
   \   00000020   0x6800             LDR      R0,[R0, #+0]
   \   00000022   0x.... 0x....      BL       __aeabi_f2d
   \   00000026   0x0004             MOVS     R4,R0
   \   00000028   0x000D             MOVS     R5,R1
   \   0000002A   0x0038             MOVS     R0,R7
   \   0000002C   0x.... 0x....      BL       __aeabi_f2d
   \   00000030   0x4A21             LDR.N    R2,??complement_filter_0+0xC  ;; 0x8d4fdf3b
   \   00000032   0x4B22             LDR.N    R3,??complement_filter_0+0x10  ;; 0x3f826e97
   \   00000034   0x.... 0x....      BL       __aeabi_dmul
   \   00000038   0x0022             MOVS     R2,R4
   \   0000003A   0x002B             MOVS     R3,R5
   \   0000003C   0x.... 0x....      BL       __aeabi_dadd
   \   00000040   0x.... 0x....      BL       __aeabi_d2f
   \   00000044   0x4919             LDR.N    R1,??complement_filter_0
   \   00000046   0x6008             STR      R0,[R1, #+0]
     17          	angle_dot_com=gyro_m_cf-bias_cf;
   \   00000048   0x0038             MOVS     R0,R7
   \   0000004A   0x4918             LDR.N    R1,??complement_filter_0
   \   0000004C   0x6809             LDR      R1,[R1, #+0]
   \   0000004E   0x.... 0x....      BL       __aeabi_fsub
   \   00000052   0x491B             LDR.N    R1,??complement_filter_0+0x14
   \   00000054   0x6008             STR      R0,[R1, #+0]
     18          	angle_com=(angle_com+angle_dot_com*dt)*0.95+angle_m_cf*0.05;
   \   00000056   0x481A             LDR.N    R0,??complement_filter_0+0x14
   \   00000058   0x6801             LDR      R1,[R0, #+0]
   \   0000005A   0x481A             LDR.N    R0,??complement_filter_0+0x18
   \   0000005C   0x6800             LDR      R0,[R0, #+0]
   \   0000005E   0x.... 0x....      BL       __aeabi_fmul
   \   00000062   0x4919             LDR.N    R1,??complement_filter_0+0x1C
   \   00000064   0x6809             LDR      R1,[R1, #+0]
   \   00000066   0x.... 0x....      BL       __aeabi_fadd
   \   0000006A   0x.... 0x....      BL       __aeabi_f2d
   \   0000006E   0xF05F 0x3266      MOVS     R2,#+1717986918
   \   00000072   0x4B16             LDR.N    R3,??complement_filter_0+0x20  ;; 0x3fee6666
   \   00000074   0x.... 0x....      BL       __aeabi_dmul
   \   00000078   0x0004             MOVS     R4,R0
   \   0000007A   0x000D             MOVS     R5,R1
   \   0000007C   0x0030             MOVS     R0,R6
   \   0000007E   0x.... 0x....      BL       __aeabi_f2d
   \   00000082   0x4A13             LDR.N    R2,??complement_filter_0+0x24  ;; 0x9999999a
   \   00000084   0x4B13             LDR.N    R3,??complement_filter_0+0x28  ;; 0x3fa99999
   \   00000086   0x.... 0x....      BL       __aeabi_dmul
   \   0000008A   0x0022             MOVS     R2,R4
   \   0000008C   0x002B             MOVS     R3,R5
   \   0000008E   0x.... 0x....      BL       __aeabi_dadd
   \   00000092   0x.... 0x....      BL       __aeabi_d2f
   \   00000096   0x490C             LDR.N    R1,??complement_filter_0+0x1C
   \   00000098   0x6008             STR      R0,[R1, #+0]
     19          	//加速度低通滤波；20次均值；按100次每秒计算，低通5Hz；0.90 0.05
     20          	CarAngSpeed=angle_dot_com;
   \   0000009A   0x4809             LDR.N    R0,??complement_filter_0+0x14
   \   0000009C   0x6800             LDR      R0,[R0, #+0]
   \   0000009E   0x490E             LDR.N    R1,??complement_filter_0+0x2C
   \   000000A0   0x6008             STR      R0,[R1, #+0]
     21          	CarAngle=angle_com;
   \   000000A2   0x4809             LDR.N    R0,??complement_filter_0+0x1C
   \   000000A4   0x6800             LDR      R0,[R0, #+0]
   \   000000A6   0x490D             LDR.N    R1,??complement_filter_0+0x30
   \   000000A8   0x6008             STR      R0,[R1, #+0]
     22          }
   \   000000AA   0xBDF1             POP      {R0,R4-R7,PC}    ;; return
   \                     ??complement_filter_0:
   \   000000AC   0x........         DC32     bias_cf
   \   000000B0   0xB22D0E56         DC32     0xb22d0e56
   \   000000B4   0x3FEFEF9D         DC32     0x3fefef9d
   \   000000B8   0x8D4FDF3B         DC32     0x8d4fdf3b
   \   000000BC   0x3F826E97         DC32     0x3f826e97
   \   000000C0   0x........         DC32     angle_dot_com
   \   000000C4   0x........         DC32     dt
   \   000000C8   0x........         DC32     angle_com
   \   000000CC   0x3FEE6666         DC32     0x3fee6666
   \   000000D0   0x9999999A         DC32     0x9999999a
   \   000000D4   0x3FA99999         DC32     0x3fa99999
   \   000000D8   0x........         DC32     CarAngSpeed
   \   000000DC   0x........         DC32     CarAngle

   Maximum stack usage in bytes:

   .cstack Function
   ------- --------
      24   complement_filter
        24   -> __aeabi_d2f
        24   -> __aeabi_dadd
        24   -> __aeabi_dmul
        24   -> __aeabi_f2d
        24   -> __aeabi_fadd
        24   -> __aeabi_fmul
        24   -> __aeabi_fsub


   Section sizes:

   Bytes  Function/Label
   -----  --------------
       4  angle_com
       4  angle_dot_com
       4  bias_cf
     224  complement_filter
       4  dt

 
  12 bytes in section .bss
   4 bytes in section .rodata
 224 bytes in section .text
 
 224 bytes of CODE  memory
   4 bytes of CONST memory
  12 bytes of DATA  memory

Errors: none
Warnings: none
